<?xml version="1.0" encoding="UTF-8"?>
<!-- Generated by org.testng.reporters.JUnitReportReporter -->
<testsuite hostname="arpitmishra-l" failures="0" tests="1" name="arp.arpallure.Test1" time="0.352" errors="0" timestamp="2024-10-01T15:30:01 IST" skipped="0">
  <testcase classname="arp.arpallure.Test1" name="Test_01" time="0.352"/>
</testsuite> <!-- arp.arpallure.Test1 -->
